[0711/235102.922:ERROR:process_reader_win.cc(123)] NtOpenThread: {Access Denied} A process has requested access to an object, but has not been granted those access rights. (0xc0000022)
[0711/235102.923:ERROR:exception_snapshot_win.cc(98)] thread ID 24332 not found in process
[0711/235617.143:ERROR:file_io.cc(134)] WriteFile: There is not enough space on the disk. (0x70)
[0711/235617.143:ERROR:crash_report_exception_handler.cc(111)] WriteEverything failed
[0711/235617.144:ERROR:filesystem_win.cc(148)] DeleteFile C:\Users\mial2\AppData\Local\Temp\scoped_dir20904_23775\Crashpad\reports\a9949839-ab7d-4737-aa8a-be1a3e2339ff.dmp: The process cannot access the file because it is being used by another process. (0x20)
[0712/014916.333:ERROR:process_reader_win.cc(123)] NtOpenThread: {Access Denied} A process has requested access to an object, but has not been granted those access rights. (0xc0000022)
[0712/014916.335:ERROR:exception_snapshot_win.cc(98)] thread ID 3640 not found in process
[0712/015917.168:ERROR:process_reader_win.cc(123)] NtOpenThread: {Access Denied} A process has requested access to an object, but has not been granted those access rights. (0xc0000022)
[0712/015917.168:ERROR:exception_snapshot_win.cc(98)] thread ID 4952 not found in process
[0712/022408.469:ERROR:process_reader_win.cc(123)] NtOpenThread: {Access Denied} A process has requested access to an object, but has not been granted those access rights. (0xc0000022)
[0712/022408.470:ERROR:exception_snapshot_win.cc(98)] thread ID 9368 not found in process
[0712/030241.605:ERROR:process_reader_win.cc(123)] NtOpenThread: {Access Denied} A process has requested access to an object, but has not been granted those access rights. (0xc0000022)
[0712/030241.606:ERROR:exception_snapshot_win.cc(98)] thread ID 28376 not found in process
[0712/030241.613:ERROR:process_reader_win.cc(123)] NtOpenThread: {Access Denied} A process has requested access to an object, but has not been granted those access rights. (0xc0000022)
[0712/030241.613:ERROR:exception_snapshot_win.cc(98)] thread ID 20800 not found in process
[0712/030241.619:ERROR:process_reader_win.cc(123)] NtOpenThread: {Access Denied} A process has requested access to an object, but has not been granted those access rights. (0xc0000022)
[0712/030241.621:ERROR:exception_snapshot_win.cc(98)] thread ID 4528 not found in process
[0712/030241.622:ERROR:process_reader_win.cc(123)] NtOpenThread: {Access Denied} A process has requested access to an object, but has not been granted those access rights. (0xc0000022)
[0712/030241.624:ERROR:exception_snapshot_win.cc(98)] thread ID 28532 not found in process
[0712/030241.640:ERROR:process_reader_win.cc(123)] NtOpenThread: {Access Denied} A process has requested access to an object, but has not been granted those access rights. (0xc0000022)
[0712/030241.641:ERROR:exception_snapshot_win.cc(98)] thread ID 27436 not found in process
[0712/031623.089:ERROR:process_reader_win.cc(123)] NtOpenThread: {Access Denied} A process has requested access to an object, but has not been granted those access rights. (0xc0000022)
[0712/031623.090:ERROR:exception_snapshot_win.cc(98)] thread ID 21376 not found in process
[0712/031623.104:ERROR:process_reader_win.cc(123)] NtOpenThread: {Access Denied} A process has requested access to an object, but has not been granted those access rights. (0xc0000022)
[0712/031623.105:ERROR:exception_snapshot_win.cc(98)] thread ID 28240 not found in process
[0712/031623.109:ERROR:process_reader_win.cc(123)] NtOpenThread: {Access Denied} A process has requested access to an object, but has not been granted those access rights. (0xc0000022)
[0712/031623.110:ERROR:exception_snapshot_win.cc(98)] thread ID 26300 not found in process
[0712/031623.117:ERROR:process_reader_win.cc(123)] NtOpenThread: {Access Denied} A process has requested access to an object, but has not been granted those access rights. (0xc0000022)
[0712/031623.118:ERROR:exception_snapshot_win.cc(98)] thread ID 2948 not found in process
[0712/033138.373:ERROR:file_io.cc(134)] WriteFile: There is not enough space on the disk. (0x70)
[0712/033138.374:ERROR:crash_report_exception_handler.cc(111)] WriteEverything failed
[0712/033138.374:ERROR:filesystem_win.cc(148)] DeleteFile C:\Users\mial2\AppData\Local\Temp\scoped_dir1972_30544\Crashpad\reports\a05af468-c01e-4dcb-b72c-91f95544d8d2.dmp: The process cannot access the file because it is being used by another process. (0x20)
[0712/033215.702:ERROR:filesystem_win.cc(148)] DeleteFile C:\Users\mial2\AppData\Local\Temp\scoped_dir27948_21603\Crashpad\reports\84e2f61a-87b5-4c8a-a1f4-3b78a819f20b.dmp: The process cannot access the file because it is being used by another process. (0x20)
[0712/033216.987:ERROR:registration_protocol_win.cc(84)] TransactNamedPipe: The pipe has been ended. (0x6D)
[0712/033217.030:ERROR:crashpad_client_win.cc(131)] crash server failed to launch, self-terminating
[0712/033456.771:ERROR:file_io.cc(134)] WriteFile: There is not enough space on the disk. (0x70)
[0712/033456.772:ERROR:crash_report_exception_handler.cc(111)] WriteEverything failed
[0712/033456.772:ERROR:filesystem_win.cc(148)] DeleteFile C:\Users\mial2\AppData\Local\Temp\scoped_dir9404_19528\Crashpad\reports\19df0fd5-fdac-4bae-acf9-b785783b49b7.dmp: The process cannot access the file because it is being used by another process. (0x20)
[0712/033522.984:ERROR:file_io.cc(134)] WriteFile: There is not enough space on the disk. (0x70)
[0712/033522.984:ERROR:crash_report_exception_handler.cc(111)] WriteEverything failed
[0712/033522.985:ERROR:filesystem_win.cc(148)] DeleteFile C:\Users\mial2\AppData\Local\Temp\scoped_dir23548_28678\Crashpad\reports\2300a10c-1921-46a1-9e38-14aa80dc4c81.dmp: The process cannot access the file because it is being used by another process. (0x20)
[0712/033526.769:ERROR:process_reader_win.cc(123)] NtOpenThread: {Access Denied} A process has requested access to an object, but has not been granted those access rights. (0xc0000022)
[0712/033526.770:ERROR:exception_snapshot_win.cc(98)] thread ID 9580 not found in process
[0712/033526.774:ERROR:process_reader_win.cc(123)] NtOpenThread: {Access Denied} A process has requested access to an object, but has not been granted those access rights. (0xc0000022)
[0712/033526.775:ERROR:exception_snapshot_win.cc(98)] thread ID 17048 not found in process
[0712/040003.908:ERROR:process_reader_win.cc(123)] NtOpenThread: {Access Denied} A process has requested access to an object, but has not been granted those access rights. (0xc0000022)
[0712/040003.909:ERROR:exception_snapshot_win.cc(98)] thread ID 1308 not found in process
[0712/041109.983:ERROR:process_reader_win.cc(123)] NtOpenThread: {Access Denied} A process has requested access to an object, but has not been granted those access rights. (0xc0000022)
[0712/041109.984:ERROR:exception_snapshot_win.cc(98)] thread ID 9440 not found in process
[0712/041109.988:ERROR:process_reader_win.cc(123)] NtOpenThread: {Access Denied} A process has requested access to an object, but has not been granted those access rights. (0xc0000022)
[0712/041109.989:ERROR:exception_snapshot_win.cc(98)] thread ID 16432 not found in process
[0712/041109.995:ERROR:process_reader_win.cc(123)] NtOpenThread: {Access Denied} A process has requested access to an object, but has not been granted those access rights. (0xc0000022)
[0712/041109.996:ERROR:exception_snapshot_win.cc(98)] thread ID 7928 not found in process
[0712/041110.024:ERROR:process_reader_win.cc(123)] NtOpenThread: {Access Denied} A process has requested access to an object, but has not been granted those access rights. (0xc0000022)
[0712/041110.028:ERROR:exception_snapshot_win.cc(98)] thread ID 26464 not found in process
[0712/042455.688:ERROR:process_reader_win.cc(123)] NtOpenThread: {Access Denied} A process has requested access to an object, but has not been granted those access rights. (0xc0000022)
[0712/042455.690:ERROR:exception_snapshot_win.cc(98)] thread ID 22264 not found in process
[0712/042455.693:ERROR:process_reader_win.cc(123)] NtOpenThread: {Access Denied} A process has requested access to an object, but has not been granted those access rights. (0xc0000022)
[0712/042455.693:ERROR:exception_snapshot_win.cc(98)] thread ID 25288 not found in process
[0712/042455.694:ERROR:process_reader_win.cc(123)] NtOpenThread: {Access Denied} A process has requested access to an object, but has not been granted those access rights. (0xc0000022)
[0712/042455.695:ERROR:exception_snapshot_win.cc(98)] thread ID 21824 not found in process
[0712/042455.713:ERROR:process_reader_win.cc(123)] NtOpenThread: {Access Denied} A process has requested access to an object, but has not been granted those access rights. (0xc0000022)
[0712/042455.714:ERROR:exception_snapshot_win.cc(98)] thread ID 19984 not found in process
[0712/042515.606:ERROR:file_io.cc(134)] WriteFile: There is not enough space on the disk. (0x70)
[0712/042515.606:ERROR:crash_report_exception_handler.cc(111)] WriteEverything failed
[0712/042515.607:ERROR:filesystem_win.cc(148)] DeleteFile C:\Users\mial2\AppData\Local\Temp\scoped_dir24308_21915\Crashpad\reports\c9c15d4b-ebec-46de-87a9-32099e322227.dmp: The process cannot access the file because it is being used by another process. (0x20)
[0712/042536.816:ERROR:file_io.cc(134)] WriteFile: There is not enough space on the disk. (0x70)
[0712/042536.816:ERROR:crash_report_exception_handler.cc(111)] WriteEverything failed
[0712/042536.817:ERROR:filesystem_win.cc(148)] DeleteFile C:\Users\mial2\AppData\Local\Temp\scoped_dir4600_26751\Crashpad\reports\441b153e-018a-4cd4-88ea-1eff78e972e5.dmp: The process cannot access the file because it is being used by another process. (0x20)
[0712/042545.628:ERROR:file_io.cc(134)] WriteFile: There is not enough space on the disk. (0x70)
[0712/042545.628:ERROR:crash_report_exception_handler.cc(111)] WriteEverything failed
[0712/042545.629:ERROR:filesystem_win.cc(148)] DeleteFile C:\Users\mial2\AppData\Local\Temp\scoped_dir15932_23500\Crashpad\reports\60ab9c59-108e-461c-bcdf-625d00a87578.dmp: The process cannot access the file because it is being used by another process. (0x20)
[0712/042703.977:ERROR:file_io.cc(134)] WriteFile: There is not enough space on the disk. (0x70)
[0712/042703.977:ERROR:crash_report_exception_handler.cc(111)] WriteEverything failed
[0712/042703.978:ERROR:filesystem_win.cc(148)] DeleteFile C:\Users\mial2\AppData\Local\Temp\scoped_dir15776_4148\Crashpad\reports\6c50c8e2-b3e3-45e8-be52-4a8929bf15bd.dmp: The process cannot access the file because it is being used by another process. (0x20)
[0712/042819.709:ERROR:file_io.cc(134)] WriteFile: There is not enough space on the disk. (0x70)
[0712/042819.710:ERROR:crash_report_exception_handler.cc(111)] WriteEverything failed
[0712/042819.710:ERROR:filesystem_win.cc(148)] DeleteFile C:\Users\mial2\AppData\Local\Temp\scoped_dir13304_2248\Crashpad\reports\ab2b31d8-b7d1-4938-8ed0-8d2c1e45ca78.dmp: The process cannot access the file because it is being used by another process. (0x20)
[0712/053546.775:ERROR:process_reader_win.cc(123)] NtOpenThread: {Access Denied} A process has requested access to an object, but has not been granted those access rights. (0xc0000022)
[0712/053546.778:ERROR:exception_snapshot_win.cc(98)] thread ID 4356 not found in process
[0712/053546.780:ERROR:process_reader_win.cc(123)] NtOpenThread: {Access Denied} A process has requested access to an object, but has not been granted those access rights. (0xc0000022)
[0712/053546.781:ERROR:exception_snapshot_win.cc(98)] thread ID 12856 not found in process
[0712/054620.222:ERROR:process_reader_win.cc(123)] NtOpenThread: {Access Denied} A process has requested access to an object, but has not been granted those access rights. (0xc0000022)
[0712/054620.222:ERROR:exception_snapshot_win.cc(98)] thread ID 11328 not found in process
